<?xml version="1.0" encoding="UTF-8"?>
<testng-results skipped="0" failed="0" total="1" passed="1">
  <reporter-output>
  </reporter-output>
  <suite name="Default suite" duration-ms="24966" started-at="2019-11-20T06:43:10Z" finished-at="2019-11-20T06:43:35Z">
    <groups>
    </groups>
    <test name="Default test" duration-ms="24966" started-at="2019-11-20T06:43:10Z" finished-at="2019-11-20T06:43:35Z">
      <class name="pom1.PageImplementation">
        <test-method status="PASS" signature="f()[pri:0, instance:pom1.PageImplementation@357246de]" name="f" duration-ms="24942" started-at="2019-11-20T12:13:10Z" finished-at="2019-11-20T12:13:35Z">
          <reporter-output>
          </reporter-output>
        </test-method> <!-- f -->
      </class> <!-- pom1.PageImplementation -->
    </test> <!-- Default test -->
  </suite> <!-- Default suite -->
</testng-results>
